system          > callbacks > not registering frozen 'find_format_file'

open source     > 1 > 1 > /Users/vgiraud/context/tex/texmf-context/tex/context/base/cont-yes.mkiv

ConTeXt  ver: 2015.11.19 19:13 MKIV beta  fmt: 2015.11.25  int: english/english

system          > 'cont-new.mkiv' loaded
open source     > 2 > 2 > /Users/vgiraud/context/tex/texmf-context/tex/context/base/cont-new.mkiv
close source    > 2 > 2 > /Users/vgiraud/context/tex/texmf-context/tex/context/base/cont-new.mkiv
system          > files > jobname 'resume', input './resume', result 'resume'
fonts           > latin modern fonts are not preloaded
languages       > language 'en' is active
open source     > 2 > 3 > /Users/vgiraud/Desktop/resume/resume.tex
colors          > defining > unknown library 'hex'
open source     > 3 > 4 > /Users/vgiraud/context/tex/texmf-context/tex/context/base/type-imp-texgyre.mkiv
close source    > 3 > 4 > /Users/vgiraud/context/tex/texmf-context/tex/context/base/type-imp-texgyre.mkiv
structure       > sectioning > subsection @ level 4 : 0.0.0.1 -> Vivien Giraud
floatblocks     > '1' placed
structure       > sectioning > section @ level 3 : 0.0.1 -> EMBEDDED SOFTWATE DEVELOPPER
structure       > sectioning > subsubsection @ level 5 : 0.0.1.0.1 -> Education
structure       > sectioning > subsubsection @ level 5 : 0.0.1.0.2 -> Experience

Overfull \hbox (14.52641pt too wide) in paragraph at lines 122--127
 \3>helvetica-11pt-ss-tf-0--0 pany would use then search for ap-pro-pri-ate elec-tron-i-cal com-po-nents, read datasheets

\hbox(8.052+2.398)x483.69687, glue set - 1.0, direction TLT
.\glue(\leftskip) 91.0488
.\3>helvetica-11pt-ss-tf-0--0 p
.\3>helvetica-11pt-ss-tf-0--0 a
.\3>helvetica-11pt-ss-tf-0--0 n
.\kern -0.21999
.etc.

structure       > sectioning > subsubsection @ level 5 : 0.0.1.0.3 -> Technical Experience
structure       > sectioning > subsubsection @ level 5 : 0.0.1.0.4 -> Extra Section
backend         > xmp > using file '/Users/vgiraud/context/tex/texmf-context/tex/context/base/lpdf-pdx.xml'
pages           > flushing realpage 1, userpage 1
pages           > flushing realpage 2, userpage 2
close source    > 2 > 4 > /Users/vgiraud/Desktop/resume/resume.tex
close source    > 1 > 4 > /Users/vgiraud/context/tex/texmf-context/tex/context/base/cont-yes.mkiv

system          > structure > start used structure

used structure  > text: resume

system          > structure > stop used structure


system          > files > start used files

used file       >    1: filename=cont-yes.mkiv filetype=tex foundname=/Users/vgiraud/context/tex/texmf-context/tex/context/base/cont-yes.mkiv usedmethod=database
used file       >    2: filename=publ-imp-default.lua filetype=lua foundname=/Users/vgiraud/context/tex/texmf-context/tex/context/base/publ-imp-default.lua usedmethod=database
used file       >    3: filename=cont-new.mkiv filetype=tex foundname=/Users/vgiraud/context/tex/texmf-context/tex/context/base/cont-new.mkiv usedmethod=database
used file       >    4: filename=lang-us.lua filetype=lua foundname=/Users/vgiraud/context/tex/texmf-context/tex/context/patterns/lang-us.lua usedmethod=database
used file       >    5: filename=/Users/vgiraud/Desktop/resume/resume.tex foundname=/Users/vgiraud/Desktop/resume/resume.tex usedmethod=direct
used file       >    6: filename=type-imp-texgyre.mkiv filetype=tex foundname=/Users/vgiraud/context/tex/texmf-context/tex/context/base/type-imp-texgyre.mkiv usedmethod=database
used file       >    7: filename=lm.lfg filetype=tex foundname=/Users/vgiraud/context/tex/texmf-context/tex/context/fonts/lm.lfg usedmethod=database
used file       >    8: filename=texgyreheros-regular filetype=otf format=otf foundname=/Users/vgiraud/context/tex/texmf/fonts/opentype/public/tex-gyre/texgyreheros-regular.otf usedmethod=database
used file       >    9: filename=texgyreheros-regular.otf filetype=opentypefonts foundname=/Users/vgiraud/context/tex/texmf/fonts/opentype/public/tex-gyre/texgyreheros-regular.otf usedmethod=database
used file       >   10: filename=latinmodern-math.otf filetype=opentypefonts foundname=/Users/vgiraud/context/tex/texmf/fonts/opentype/public/lm-math/latinmodern-math.otf usedmethod=database
used file       >   11: filename=texgyreheros-bold filetype=otf format=otf foundname=/Users/vgiraud/context/tex/texmf/fonts/opentype/public/tex-gyre/texgyreheros-bold.otf usedmethod=database
used file       >   12: filename=texgyreheros-bold.otf filetype=opentypefonts foundname=/Users/vgiraud/context/tex/texmf/fonts/opentype/public/tex-gyre/texgyreheros-bold.otf usedmethod=database
used file       >   13: filename=texgyreheros-italic filetype=otf format=otf foundname=/Users/vgiraud/context/tex/texmf/fonts/opentype/public/tex-gyre/texgyreheros-italic.otf usedmethod=database
used file       >   14: filename=texgyreheros-italic.otf filetype=opentypefonts foundname=/Users/vgiraud/context/tex/texmf/fonts/opentype/public/tex-gyre/texgyreheros-italic.otf usedmethod=database
used file       >   15: filename=texgyreheros-bolditalic filetype=otf format=otf foundname=/Users/vgiraud/context/tex/texmf/fonts/opentype/public/tex-gyre/texgyreheros-bolditalic.otf usedmethod=database
used file       >   16: filename=texgyreheros-bolditalic.otf filetype=opentypefonts foundname=/Users/vgiraud/context/tex/texmf/fonts/opentype/public/tex-gyre/texgyreheros-bolditalic.otf usedmethod=database
used file       >   17: filename=lpdf-pdx.xml filetype=tex foundname=/Users/vgiraud/context/tex/texmf-context/tex/context/base/lpdf-pdx.xml usedmethod=database

system          > files > stop used files


system          > options > start commandline options

used option     > currentrun="3"
used option     > fulljobname="./resume.tex"
used option     > input="./resume.tex"
used option     > kindofrun="2"
used option     > maxnofruns="9"
used option     > no-parse-first-line="true"

system          > options > stop commandline options

system          > options > start commandline files

used file       >    1: ./resume.tex

system          > options > stop commandline files


mkiv lua stats  > used config file: selfautoparent:/texmf/web2c/texmfcnf.lua
mkiv lua stats  > used cache path: /Users/vgiraud/context/tex/texmf-cache/luatex-cache/context/5fe67e0bfe781ce0dde776fb1556f32e
mkiv lua stats  > resource resolver: loadtime 0.007 seconds, 0 scans with scantime 0.000 seconds, 0 shared scans, 17 found files, scanned paths: <none>
mkiv lua stats  > stored bytecode data: 382 modules (0.194 sec), 78 tables (0.007 sec), 460 chunks (0.202 sec)
mkiv lua stats  > traced context: maxstack: 1160, freed: 8, unreachable: 1152
mkiv lua stats  > cleaned up reserved nodes: 51 nodes, 443 lists of 442
mkiv lua stats  > node memory usage: 2 glue, 3 penalty, 36 attribute, 44 glue_spec, 11 attribute_list, 2 temp
mkiv lua stats  > node list callback tasks: 6 unique task lists, 6 instances (re)created, 338 calls
mkiv lua stats  > used backend: pdf (backend for directly generating pdf output)
mkiv lua stats  > jobdata time: 0.001 seconds saving, 0.001 seconds loading
mkiv lua stats  > callbacks: 743 direct, 708 indirect, 1451 total
mkiv lua stats  > randomizer: resumed with value 0.8641425086484
mkiv lua stats  > loaded patterns: en::2, load time: 0.000
mkiv lua stats  > interactive elements: 3 references, 13 destinations
mkiv lua stats  > result saved in file: resume.pdf, compresslevel 3, objectcompresslevel 3
mkiv lua stats  > loaded fonts: 5 files: latinmodern-math.otf, texgyreheros-bold.otf, texgyreheros-bolditalic.otf, texgyreheros-italic.otf, texgyreheros-regular.otf
mkiv lua stats  > font engine: otf 3.006, afm 1.500, tfm 1.000, 11 instances, 4 shared in backend, 0 common vectors, 4 common hashes, load time 0.180 seconds 
mkiv lua stats  > pdf annotations: 3 links (3 unique), 0 special
mkiv lua stats  > used platform: osx-64, type: unix, binary subtree: texmf-osx-64
mkiv lua stats  > luatex banner: this is luatex, version beta-0.85.0 (tex live 2016/dev) (rev 5550)
mkiv lua stats  > control sequences: 43684 of 65536 + 100000
mkiv lua stats  > lua properties: engine: lua, used memory: 67 MB (ctx: 67 MB), hash type: lua, hash chars: min(64,40), symbol mask: utf (τεχ)
mkiv lua stats  > runtime: 0.588 seconds, 2 processed pages, 2 shipped pages, 3.401 pages/second

